[index-2.html]
[backblue.gif]
[fade.gif]
[index.html]
[wp-content/plugins/nextcellent-gallery-nextgen-legacy/css/framework-minf269.css]
[wp-content/plugins/nextcellent-gallery-nextgen-legacy/shutter/shutter-reloadedc412.css]
[wp-content/themes/hueman/assets/front/css/main.min477e.css]
[wp-content/themes/hueman/style477e.css]
[wp-content/themes/hueman/assets/front/css/font-awesome.min477e.css]
[wp-includes/js/jquery/jqueryb8ff.js]
[wp-includes/js/jquery/jquery-migrate.min330a.js]
[wp-content/plugins/nextcellent-gallery-nextgen-legacy/shutter/shutter-reloaded3ba1.js]
[wp-content/plugins/nextcellent-gallery-nextgen-legacy/js/owl.carousel.min77ae.js]
[wp-content/themes/hueman/assets/front/js/libs/jquery.flexslider.minfe9d.js]
[xmlrpc0db0.php]
[wp-json/index.html]
[wp-includes/wlwmanifest.xml]
[files/2019/01/IMG_20181221_135729-720x340.jpg]
[files/2019/01/pravljiceroža-520x245.jpg]
[files/2019/01/pravljice-ena-zvezda-1-520x245.jpg]
[files/2018/12/IMG_20181221_104747-520x245.jpg]
[2019/01/07/karaoke/index.html]
[files/2018/12/IMG_20181211_173707_1-520x245.jpg]
[files/2018/12/mpt_pg-2-520x245.jpg]
[files/2018/06/cropped-ikonce-1.jpg]
[wp-content/plugins/event-organiser/css/eventorganiser-front-end.min9dfc.css]
[author/brankoposams-si/index.html]
[wp-includes/js/underscore.min4511.js]
[wp-content/themes/hueman/assets/front/js/scripts.min477e.js]
[wp-includes/js/wp-embed.minfe9d.js]
[wp-content/plugins/event-organiser/js/qtip29dfc.js]
[2019/01/07/pripovedovalski-festival-stare-irske-zgodbe/index.html]
[wp-includes/js/jquery/ui/core.mine899.js]
[wp-includes/js/jquery/ui/widget.mine899.js]
[wp-includes/js/jquery/ui/button.mine899.js]
[wp-includes/js/jquery/ui/datepicker.mine899.js]
[2019/01/03/a-story-telling-festival/index.html]
[wp-content/plugins/event-organiser/js/moment.min68b3.js]
[wp-content/plugins/event-organiser/js/fullcalendar.min9dfc.js]
[wp-content/plugins/event-organiser/js/event-manager.min9dfc.js]
[wp-content/plugins/event-organiser/js/frontend.min9dfc.js]
[index-2.html]
[xmlrpc.php]
[2019/01/index.html]
[wp-json/oembed/1.0/embedf74f.json]
[2019/01/07/karaoke/feed/index.html]
[wp-json/oembed/1.0/embedc4fe]
[files/2019/01/20181221_135032.jpg]
[files/2019/01/20181221_135032-300x225.jpg]
[files/2019/01/20181221_135229.jpg]
[files/2019/01/20181221_135229-300x225.jpg]
[files/2019/01/20181221_135954.jpg]
[files/2019/01/20181221_135954-300x225.jpg]
[files/2019/01/20181221_140736.jpg]
[files/2019/01/20181221_140736-300x225.jpg]
[files/2019/01/20181221_141120.jpg]
[files/2019/01/20181221_141120-300x225.jpg]
[files/2019/01/20181221_141858.jpg]
[files/2019/01/20181221_141858-300x225.jpg]
[files/2019/01/IMG_20181221_135729.jpg]
[files/2019/01/IMG_20181221_135729-300x225.jpg]
[files/2019/01/IMG_20181221_140040.jpg]
[files/2019/01/IMG_20181221_140040-300x225.jpg]
[files/2015/06/nd2-520x245.jpg]
[files/2018/05/IMG_20180509_130126-520x245.jpg]
[author/mrados5guest-arnes-si/index.html]
[2019/01/07/karaoke/index.html]
[author/bpongr1guest-arnes-si/index.html]
[files/2019/01/IMG_20181221_135729-520x245.jpg]
[author/brankoposams-si/index.html]
[author/dsketosams-si/index.html]
[author/brankoposams-si/feed/index.html]
[author/brankoposams-si/page/2/index.html]
[wp-json/oembed/1.0/embedb9d2]
[author/brankoposams-si/page/3/index.html]
[author/brankoposams-si/page/4/index.html]
[author/brankoposams-si/page/5/index.html]
[author/brankoposams-si/page/6/index.html]
[2019/01/07/pripovedovalski-festival-stare-irske-zgodbe/feed/index.html]
[wp-json/oembed/1.0/embed0e7c]
[files/2019/01/pravljiceroža.jpg]
[files/2019/01/pravljiceroža-300x217.jpg]
[files/2018/12/IMG_20181122_095620-520x245.jpg]
[files/2018/11/received_2007302466234851-520x245.jpg]
[files/2016/05/DSC_0100_č-520x245.jpg]
[2019/01/07/pripovedovalski-festival-stare-irske-zgodbe/index.html]
[wp-json/oembed/1.0/embedfe08.json]
[2019/01/03/a-story-telling-festival/feed/index.html]
[wp-json/oembed/1.0/embeda3b2]
[files/2019/01/pravljice-ena-zvezda-1.jpg]
[files/2019/01/pravljice-ena-zvezda-1-300x200.jpg]
[files/2018/02/20180302_133938-520x245.jpg]
[2019/01/03/a-story-telling-festival/index.html]
[2019/01/index.html]
[index0ffa.html]
[author/mrados5guest-arnes-si/index.html]
[author/mban2guest-arnes-si/index.html]
[files/2018/09/20180920_113317-520x245.jpg]
[author/mbojecguest-arnes-si/index.html]
[author/mrados5guest-arnes-si/feed/index.html]
[files/2018/09/ŠD_Jesenski-pohod2-520x245.jpg]
[files/2018/06/20180620_151837_HDR1-520x245.jpg]
[author/mrados5guest-arnes-si/page/2/index.html]
[files/2018/06/IMG_20180622_111833-520x245.jpg]
[author/bpongr1guest-arnes-si/index.html]
[files/2018/05/cajanka1-520x245.jpg]
[author/dsketosams-si/index.html]
[author/mrados5guest-arnes-si/page/3/index.html]
[author/mrados5guest-arnes-si/page/4/index.html]
[files/2018/12/DSC_0291-520x245.jpg]
[author/mrados5guest-arnes-si/page/10/index.html]
[author/mrados5guest-arnes-si/page/5/index.html]
[files/2018/11/Vabilo1-520x245.png]
[author/bpongr1guest-arnes-si/feed/index.html]
[author/bpongr1guest-arnes-si/page/2/index.html]
[author/brankoposams-si/page/2/index.html]
[files/2018/11/rokeAnaEvaErazem-520x245.jpg]
[files/2018/11/IMG_20181124_122104-Custom-520x245.jpg]
[author/bpongr1guest-arnes-si/page/3/index.html]
[files/2018/11/wq-520x245.jpg]
[author/bpongr1guest-arnes-si/page/4/index.html]
[author/bpongr1guest-arnes-si/page/5/index.html]
[files/2018/11/0829_001-Custom-520x245.jpg]
[files/2018/10/vojsanica_0004-520x245.jpg]
[author/brankoposams-si/page/3/index.html]
[author/bpongr1guest-arnes-si/page/20/index.html]
[author/bpongr1guest-arnes-si/page/10/index.html]
[files/2018/10/gb1-520x245.jpg]
[author/dsketosams-si/feed/index.html]
[files/2018/10/IMG_20181016_180222-1-520x245.jpg]
[author/bpongr1guest-arnes-si/page/29/index.html]
[files/2018/10/DSC_0129-520x245.jpg]
[author/dsketosams-si/page/2/index.html]
[author/brankoposams-si/page/4/index.html]
[files/2018/10/DSC_0146-520x245.jpg]
[author/dsketosams-si/page/3/index.html]
[files/2018/10/IMG_20181009_105318001-1-520x245.jpg]
[files/2018/10/IMG_20181003_130753-520x245.jpg]
[files/2014/08/ams6.jpg]
[author/brankoposams-si/page/5/index.html]
[files/2018/09/otvoeitevAMS-520x245.jpg]
[files/2018/09/ana-001-e1537174779597-520x245.jpg]
[files/2018/09/received_280008389285346-520x245.jpg]
[author/brankoposams-si/page/6/index.html]
[index4cc2.html]
[index805b.html]
[files/2016/09/20160921_095939-520x245.jpg]
[files/2016/07/DSC00712-520x245.jpg]
[files/2016/04/04_2016-999a-520x245.jpg]
[author/mban2guest-arnes-si/index.html]
[author/mban2guest-arnes-si/feed/index.html]
[files/2018/10/20181028_173221-520x245.jpg]
[author/mban2guest-arnes-si/page/2/index.html]
[files/2018/10/Pohod-simbioza1-520x245.jpg]
[author/mban2guest-arnes-si/page/3/index.html]
[files/2018/10/20161029_152829-520x245.jpg]
[author/mban2guest-arnes-si/page/4/index.html]
[author/mban2guest-arnes-si/page/5/index.html]
[files/2018/10/Pri-bukvi-520x245.jpg]
[author/mbojecguest-arnes-si/feed/index.html]
[author/mban2guest-arnes-si/page/6/index.html]
[files/2018/09/Velika-Planina-2-520x245.jpg]
[files/2018/04/20180424_145729-520x245.jpg]
[author/mbojecguest-arnes-si/index.html]
[files/2018/04/20180328_075046-520x245.jpg]
[author/mrados5guest-arnes-si/page/2/index.html]
[author/mbojecguest-arnes-si/page/2/index.html]
[files/2017/06/DSC_0252-a1-520x245.jpg]
[author/mrados5guest-arnes-si/page/3/index.html]
[author/mrados5guest-arnes-si/page/4/index.html]
[files/2016/06/image001-520x245.jpg]
[author/mbojecguest-arnes-si/page/4/index.html]
[author/mbojecguest-arnes-si/page/3/index.html]
[files/2016/05/IMG_3180-520x245.jpg]
[author/mrados5guest-arnes-si/page/5/index.html]
[author/mrados5guest-arnes-si/page/6/index.html]
[files/2014/08/a2-520x245.gif]
[author/mrados5guest-arnes-si/page/10/index.html]
[author/mrados5guest-arnes-si/page/7/index.html]
[files/2018/06/20180619_122140_HDR-520x245.jpg]
[author/mrados5guest-arnes-si/page/8/index.html]
[author/mrados5guest-arnes-si/page/9/index.html]
[files/2018/06/dfgh2-520x245.jpg]
[files/2018/05/20180520_160617-1-Custom-520x245.jpg]
[author/bpongr1guest-arnes-si/page/2/index.html]
[files/2018/05/DSC_0046-Custom-520x245.jpg]
[files/2018/05/z_roko_v_roki-520x245.png]
[files/2018/05/IMG_20180514_181142-520x245.jpg]
[files/2018/05/1-520x245.jpg]
[files/2018/05/judo18a-520x245.jpg]
[author/bpongr1guest-arnes-si/page/3/index.html]
[files/2018/05/kulturniteden-520x245.jpg]
[files/2018/02/Ican2-520x245.png]
[author/bpongr1guest-arnes-si/page/4/index.html]
[files/2018/01/judo1-520x245.jpg]
[files/2018/01/psvp-1-520x245.jpg]
[author/bpongr1guest-arnes-si/page/6/index.html]
[files/2017/12/DSC07949-2-Medium-520x245.jpg]
[files/2017/12/DSC_0918-Medium-520x245.jpg]
[files/2017/11/DSC_0849-Medium-1-520x245.jpg]
[wp-content/plugins/wp-youtube-lyte/lyte/lyte-min437c.js]
[author/bpongr1guest-arnes-si/page/5/index.html]
[files/2017/03/20170318_195916-Custom-520x245.jpg]
[author/bpongr1guest-arnes-si/page/7/index.html]
[files/2017/02/trd-9-520x245.jpg]
[files/2017/02/DSC_0550-520x245.jpg]
[author/bpongr1guest-arnes-si/page/10/index.html]
[author/bpongr1guest-arnes-si/page/9/index.html]
[author/bpongr1guest-arnes-si/page/8/index.html]
[author/bpongr1guest-arnes-si/page/11/index.html]
[author/bpongr1guest-arnes-si/page/12/index.html]
[files/2015/11/IMG_20151023_134415-520x245.jpg]
[files/2015/10/IMG_20151017_103816-520x245.jpg]
[files/2015/09/brošura3-520x245.png]
[author/bpongr1guest-arnes-si/page/20/index.html]
[files/2014/08/a3-520x245.gif]
[author/bpongr1guest-arnes-si/page/29/index.html]
[files/2018/04/Storžev-grič-1-520x245.jpg]
[author/bpongr1guest-arnes-si/page/19/index.html]
[files/2018/04/DSC_0015-520x245.jpg]
[author/dsketosams-si/page/2/index.html]
[author/bpongr1guest-arnes-si/page/18/index.html]
[author/bpongr1guest-arnes-si/page/21/index.html]
[files/2018/02/DSC_0013-520x245.jpg]
[author/bpongr1guest-arnes-si/page/22/index.html]
[author/bpongr1guest-arnes-si/page/25/index.html]
[author/bpongr1guest-arnes-si/page/28/index.html]
[files/2018/01/prešeren-520x245.jpg]
[author/bpongr1guest-arnes-si/page/26/index.html]
[files/2018/01/DSC_0038-Custom-520x245.jpg]
[author/dsketosams-si/page/3/index.html]
[author/mban2guest-arnes-si/page/2/index.html]
[author/mban2guest-arnes-si/page/3/index.html]
[author/bpongr1guest-arnes-si/page/27/index.html]
[files/2015/10/20150909_131943-520x245.jpg]
[files/2015/06/lon1-520x245.jpg]
[files/2015/05/04-055-520x245.jpg]
[author/mban2guest-arnes-si/page/4/index.html]
[files/2015/04/DSC_0144-520x245.jpg]
[files/2015/01/DSC_0304-520x245.jpg]
[files/2015/01/DSC_0089-520x245.jpg]
[files/2014/11/najmlajša-skupinsko-nasmejana-520x245.jpg]
[author/mban2guest-arnes-si/page/5/index.html]
[files/2014/09/IMG_1294-520x245.jpg]
[files/2014/09/DSC_1917-520x245.jpg]
[author/mban2guest-arnes-si/page/6/index.html]
[files/2018/04/20180421_091420-520x245.jpg]
[files/2018/04/IMG_1883-520x245.jpg]
[files/2018/04/Sv.-Jakob-520x245.jpg]
[files/2017/11/20171029_093120-520x245.jpg]
[files/2017/10/20171014_103620-520x245.jpg]
[author/mbojecguest-arnes-si/page/2/index.html]
[files/2017/10/Ključ-520x245.jpg]
[files/2016/10/20161029_152829-520x245.jpg]
[files/2017/10/20170929_092436-520x245.jpg]
[files/2017/05/20170524_083555-520x245.jpg]
[files/2017/04/IMG_20170422_104638-520x245.jpg]
[files/2017/04/20170420_135722-520x245.jpg]
[author/mbojecguest-arnes-si/page/3/index.html]
[files/2017/04/Rakitna-4-520x245.jpg]
[files/2017/01/20170110_111151-520x245.jpg]
[files/2016/10/20161008_100404-520x245.jpg]
[files/2016/09/20160921_102949-520x245.jpg]
[author/mbojecguest-arnes-si/page/4/index.html]
[author/mrados5guest-arnes-si/page/6/index.html]
[files/2015/11/IMG_36191-520x245.jpg]
[files/2015/10/P1060153-520x245.jpg]
[author/mrados5guest-arnes-si/page/7/index.html]
[files/2015/03/IMG_3458-520x245.jpg]
[author/mrados5guest-arnes-si/page/9/index.html]
[files/2015/01/svn25-520x245.jpg]
[author/mrados5guest-arnes-si/page/8/index.html]
[files/2017/11/tradicionalni-slov.-zajtrk-Custom-520x245.jpg]
[files/2017/09/IMG_7622-520x245.jpg]
[files/2017/09/IMG_1063-520x245.jpg]
[author/bpongr1guest-arnes-si/page/6/index.html]
[files/2017/07/vietnam5-520x245.jpg]
[files/2017/06/IMG_20170622_135358-520x245.jpg]
[files/2017/06/20170620_093145-520x245.jpg]
[files/2017/06/20170613_182345-e1497593435894-520x245.jpg]
[files/2017/06/DSC06965-520x245.jpg]
[files/2017/06/DSC06828-520x245.jpg]
[author/bpongr1guest-arnes-si/page/7/index.html]
[wp-content/plugins/wp-youtube-lyte/lyte/index.html]
[files/2017/04/DSC02509-520x245.jpg]
[files/2017/01/WSC17A-520x245.jpg]
[files/2017/04/IMG_2292-Custom-520x245.jpg]
[files/2017/04/20170413_090416-Custom-e1492247437938-520x245.jpg]
[author/bpongr1guest-arnes-si/page/9/index.html]
[files/2017/06/20170605_112513-520x245.jpg]
[files/2017/05/20170525_132715-520x245.jpg]
[files/2017/05/20170525_102413-520x245.jpg]
[files/2017/05/IMG_3858-520x245.jpg]
[files/2017/05/image-0-02-05-877f109efcb9de79b2315be94f32c6e1017cebb0074ab97123e2fd744aaa0cef-V-520x245.jpg]
[files/2017/05/20170517_094257-520x245.jpg]
[author/bpongr1guest-arnes-si/page/8/index.html]
[files/2017/02/cajk1-520x245.jpg]
[files/2017/02/DSC_0736-520x245.jpg]
[files/2017/02/02_2017-0111-520x245.jpg]
[files/2017/02/02_2017-120-Medium-520x245.jpg]
[files/2017/02/20170203_093031-520x245.jpg]
[author/bpongr1guest-arnes-si/page/11/index.html]
[files/2017/01/KT1-520x245.jpg]
[author/bpongr1guest-arnes-si/page/13/index.html]
[files/2016/11/IMG_20161027_134936-520x245.jpg]
[files/2016/10/20161005_zApis_347a-520x245.jpg]
[author/bpongr1guest-arnes-si/page/12/index.html]
[files/2015/11/20151119_094750-520x245.jpg]
[author/bpongr1guest-arnes-si/page/14/index.html]
[files/2015/11/2015-11-11-11.13.43-520x245.jpg]
[files/2015/11/jure-in-anja-001a-520x245.jpg]
[files/2015/11/2015-10-13-10.48.05-520x245.jpg]
[author/bpongr1guest-arnes-si/page/19/index.html]
[files/2015/12/2015-12-24-08.55.19-520x245.jpg]
[author/bpongr1guest-arnes-si/page/17/index.html]
[files/2015/11/IMG_4484-520x245.jpg]
[author/bpongr1guest-arnes-si/page/18/index.html]
[files/2015/06/DSC_0037b-520x245.jpg]
[author/bpongr1guest-arnes-si/page/16/index.html]
[files/2015/06/DSC_0072-520x245.jpg]
[author/bpongr1guest-arnes-si/page/21/index.html]
[files/2015/05/esola1-520x245.jpg]
[author/bpongr1guest-arnes-si/page/23/index.html]
[files/2015/05/ev1-520x245.jpg]
[files/2015/05/Zaslonska-slika-2015-05-15-142949-e1431693699133-520x245.png]
[files/2015/05/bistra2-520x245.jpg]
[files/2015/05/eko2015-520x245.jpg]
[author/bpongr1guest-arnes-si/page/22/index.html]
[files/2014/10/krim-520x245.jpg]
[author/bpongr1guest-arnes-si/page/24/index.html]
[files/2014/09/glinscica3-520x245.jpg]
[files/2014/08/a5-520x245.jpg]
[files/2014/08/a1-520x245.gif]
[author/bpongr1guest-arnes-si/page/28/index.html]
[files/2015/02/IMG_20150210_134355-520x245.jpg]
[files/2015/01/DSC_0267-800-x-536-520x245.jpg]
[files/2015/01/msc2-520x245.jpg]
[files/2015/01/2014-11-14-12.19.47-520x245.jpg]
[files/2014/12/vočšilo_2015a-520x245.jpg]
[author/bpongr1guest-arnes-si/page/25/index.html]
[files/2014/12/044-520x245.jpg]
[files/2014/12/bazar08-520x245.jpg]
[files/2014/12/delovna_sobota3-520x245.jpg]
[files/2014/12/12_2014-018-520x245.jpg]
[author/bpongr1guest-arnes-si/page/26/index.html]
[files/2014/12/11_2014-008-520x245.jpg]
[files/2014/11/jesenske_igre-501-520x245.jpg]
[files/2014/11/zelenjavcki1-520x245.jpg]
[files/2014/11/DM-520x245.jpg]
[author/bpongr1guest-arnes-si/page/27/index.html]
[files/2016/10/IMG_20160928_125750-520x245.jpg]
[files/2016/10/IMG_20160930_1729231-Medium-520x245.jpg]
[files/2016/09/maratonAMS-520x245.jpg]
[files/2016/09/20160911_082224_HDR-Custom-520x245.jpg]
[author/bpongr1guest-arnes-si/page/13/index.html]
[files/2016/06/DSCN9554-kopija-520x245.jpg]
[author/bpongr1guest-arnes-si/page/15/index.html]
[files/2016/06/ff08-520x245.jpg]
[files/2016/06/t0-520x245.jpg]
[author/bpongr1guest-arnes-si/page/14/index.html]
[files/2016/02/CAM01358-520x245.jpg]
[files/2016/02/DSC7107-520x245.jpg]
[files/2016/02/DSC_0817-520x245.jpg]
[files/2016/02/DSC_0436-520x245.jpg]
[author/bpongr1guest-arnes-si/page/17/index.html]
[files/2016/03/505-520x245.jpg]
[files/2016/03/VRHNOTLON-520x245.jpg]
[files/2016/03/P1080537-520x245.jpg]
[files/2016/03/tdDELAV011-520x245.jpg]
[author/bpongr1guest-arnes-si/page/16/index.html]
[files/2015/04/svet2-520x245.jpg]
[author/bpongr1guest-arnes-si/page/23/index.html]
[files/2015/03/dk-520x245.jpg]
[files/2015/04/IMAG0241-520x245.jpg]
[files/2015/04/setveni-520x245.jpg]
[author/bpongr1guest-arnes-si/page/24/index.html]
[files/2016/05/IMG_2111_a-520x245.jpg]
[files/2016/05/IMG_3168-520x245.jpg]
[files/2016/05/sdeol-1-520x245.jpg]
[files/2016/05/eko16e-520x245.jpg]
[files/2016/03/499-Custom-520x245.jpg]
[author/bpongr1guest-arnes-si/page/15/index.html]
[wp-content/plugins/nextcellent-gallery-nextgen-legacy/css/framework-minf269.css]
[wp-content/plugins/nextcellent-gallery-nextgen-legacy/shutter/shutter-reloadedc412.css]
[wp-content/themes/hueman/assets/front/img/opacity-10.png]
[wp-json/index.html]
[wp-content/themes/hueman/assets/front/img/ie/opacity-70.png]
[files/2019/01/pravljiceroža-520x245.jpg]
[wp-content/themes/hueman/assets/front/img/ie/opacity-80-light.png]
[files/2019/01/pravljice-ena-zvezda-1-520x245.jpg]
[wp-content/themes/hueman/assets/front/fonts/titillium-light-webfont.eot]
[wp-content/themes/hueman/assets/front/fonts/titillium-light-webfont.svg]
[wp-content/themes/hueman/assets/front/fonts/titillium-light-webfontd41d.eot]
[files/2018/12/IMG_20181221_104747-520x245.jpg]
[wp-content/themes/hueman/assets/front/fonts/titillium-light-webfont.woff]
[wp-content/themes/hueman/assets/front/fonts/titillium-light-webfont.ttf]
[wp-content/themes/hueman/assets/front/fonts/titillium-lightitalic-webfont.eot]
[wp-content/themes/hueman/assets/front/fonts/titillium-lightitalic-webfont.svg]
[wp-content/themes/hueman/assets/front/fonts/titillium-lightitalic-webfontd41d.eot]
[files/2018/12/mpt_pg-2-520x245.jpg]
[wp-content/themes/hueman/assets/front/fonts/titillium-lightitalic-webfont.woff]
[wp-content/themes/hueman/assets/front/fonts/titillium-lightitalic-webfont.ttf]
[wp-content/themes/hueman/assets/front/fonts/titillium-regular-webfont.eot]
[wp-content/themes/hueman/assets/front/fonts/titillium-regular-webfont.svg]
[files/2018/06/cropped-ikonce-1.jpg]
[wp-content/themes/hueman/assets/front/fonts/titillium-regular-webfontd41d.eot]
[wp-content/themes/hueman/assets/front/fonts/titillium-regular-webfont.woff]
[wp-content/themes/hueman/assets/front/fonts/titillium-regular-webfont.ttf]
[wp-content/themes/hueman/assets/front/fonts/titillium-regularitalic-webfont.eot]
[wp-content/themes/hueman/assets/front/fonts/titillium-regularitalic-webfont.svg]
[wp-content/themes/hueman/assets/front/fonts/titillium-regularitalic-webfontd41d.eot]
[wp-content/themes/hueman/assets/front/fonts/titillium-regularitalic-webfont.woff]
[wp-content/themes/hueman/assets/front/fonts/titillium-regularitalic-webfont.ttf]
[wp-content/themes/hueman/assets/front/fonts/titillium-semibold-webfont.eot]
[wp-content/themes/hueman/assets/front/fonts/titillium-semibold-webfont.svg]
[wp-content/themes/hueman/assets/front/fonts/titillium-semibold-webfontd41d.eot]
[wp-content/themes/hueman/assets/front/fonts/titillium-semibold-webfont.woff]
[wp-content/themes/hueman/assets/front/fonts/titillium-semibold-webfont.ttf]
[wp-content/themes/hueman/assets/front/img/pre.png]
[wp-content/themes/hueman/assets/front/img/sidebar/s-right-s1.png]
[wp-content/themes/hueman/assets/front/img/sidebar/s-left.png]
[wp-content/themes/hueman/assets/front/img/sidebar/s-right-s2.png]
[wp-content/themes/hueman/assets/front/img/sidebar/s-right-dual-full-expand.png]
[wp-content/themes/hueman/assets/front/img/sidebar/s-left-dual-full-expand.png]
[wp-content/themes/hueman/assets/front/img/sidebar/s-right-collapse.png]
[wp-content/themes/hueman/assets/front/img/sidebar/s-right-dual-half-collapse.png]
[wp-content/themes/hueman/assets/front/img/sidebar/s-left-dual-half-collapse.png]
[wp-content/themes/hueman/assets/front/img/sidebar/s-right-dual-full-collapse.png]
[wp-content/themes/hueman/assets/front/css/main.min477e.css]
[wp-content/themes/hueman/assets/front/img/sidebar/s-left-dual-full-collapse.png]
[wp-content/themes/hueman/style477e.css]
[wp-content/themes/hueman/assets/front/fonts/fontawesome-webfont3e6e.eot]
[wp-content/themes/hueman/assets/front/fonts/fontawesome-webfontd41d.eot]
[wp-content/themes/hueman/assets/front/fonts/fontawesome-webfont3e6e.woff]
[wp-content/themes/hueman/assets/front/fonts/fontawesome-webfont3e6e.ttf]
[2019/01/07/karaoke/feed/index.html]
[wp-content/themes/hueman/assets/front/css/font-awesome.min477e.css]
[files/2019/01/20181221_135032.jpg]
[files/2019/01/20181221_135032-300x225.jpg]
[files/2019/01/20181221_135229.jpg]
[files/2019/01/20181221_135229-300x225.jpg]
[files/2019/01/20181221_135954-300x225.jpg]
[files/2019/01/20181221_135954.jpg]
[2019/01/07/karaoke/index.html]
[files/2019/01/20181221_140736.jpg]
[files/2019/01/20181221_140736-300x225.jpg]
[files/2019/01/20181221_141120.jpg]
[files/2019/01/20181221_141120-300x225.jpg]
[files/2019/01/20181221_141858.jpg]
[wp-content/themes/hueman/assets/front/fonts/fontawesome-webfont3e6e.svg]
[files/2019/01/20181221_141858-300x225.jpg]
[files/2019/01/IMG_20181221_135729.jpg]
[files/2019/01/IMG_20181221_135729-300x225.jpg]
[files/2018/03/20180326_135327-520x245.jpg]
[2019/01/03/a-story-telling-festival/index.html]
[files/2019/01/IMG_20181221_140040.jpg]
[files/2019/01/IMG_20181221_140040-300x225.jpg]
[files/2015/06/nd2-520x245.jpg]
[files/2018/05/IMG_20180509_130126-520x245.jpg]
[2019/01/index.html]
[files/2019/01/IMG_20181221_135729-520x245.jpg]
[author/brankoposams-si/feed/index.html]
[wp-content/plugins/event-organiser/css/images/loading-40x40.gif]
[wp-content/plugins/event-organiser/css/eventorganiser-front-end.min9dfc.css]
[2019/01/07/pripovedovalski-festival-stare-irske-zgodbe/feed/index.html]
[files/2019/01/pravljiceroža-300x217.jpg]
[files/2019/01/pravljiceroža.jpg]
[files/2018/12/IMG_20181122_095620-520x245.jpg]
[files/2018/11/received_2007302466234851-520x245.jpg]
[files/2016/05/DSC_0100_č-520x245.jpg]
[2019/01/03/a-story-telling-festival/feed/index.html]
[files/2019/01/pravljice-ena-zvezda-1.jpg]
[index0ffa.html]
[files/2019/01/pravljice-ena-zvezda-1-300x200.jpg]
[files/2018/02/20180302_133938-520x245.jpg]
[author/mrados5guest-arnes-si/feed/index.html]
[author/mrados5guest-arnes-si/index.html]
[files/2018/09/ŠD_Jesenski-pohod2-520x245.jpg]
[files/2018/09/20180920_113317-520x245.jpg]
[author/bpongr1guest-arnes-si/feed/index.html]
[files/2018/06/IMG_20180622_111833-520x245.jpg]
[files/2018/05/cajanka1-520x245.jpg]
[files/2018/11/Vabilo1-520x245.png]
[author/dsketosams-si/feed/index.html]
[author/bpongr1guest-arnes-si/index.html]
[files/2018/11/rokeAnaEvaErazem-520x245.jpg]
[files/2018/11/IMG_20181124_122104-Custom-520x245.jpg]
[files/2018/11/0829_001-Custom-520x245.jpg]
[files/2018/10/IMG_20181016_180222-1-520x245.jpg]
[files/2018/10/DSC_0146-520x245.jpg]
[files/2018/10/IMG_20181009_105318001-1-520x245.jpg]
[author/dsketosams-si/index.html]
[files/2018/10/IMG_20181003_130753-520x245.jpg]
[files/2014/08/ams6.jpg]
[files/2018/09/otvoeitevAMS-520x245.jpg]
[files/2018/09/ana-001-e1537174779597-520x245.jpg]
[files/2018/09/received_280008389285346-520x245.jpg]
[author/brankoposams-si/page/2/index.html]
[files/2016/07/DSC00712-520x245.jpg]
[files/2016/04/04_2016-999a-520x245.jpg]
[author/mban2guest-arnes-si/feed/index.html]
[index4cc2.html]
[files/2018/10/Pohod-simbioza1-520x245.jpg]
[files/2018/10/20181028_173221-520x245.jpg]
[index805b.html]
[author/mbojecguest-arnes-si/feed/index.html]
[files/2018/09/Velika-Planina-2-520x245.jpg]
[files/2018/10/20161029_152829-520x245.jpg]
[files/2018/04/20180424_145729-520x245.jpg]
[files/2017/06/DSC_0252-a1-520x245.jpg]
[files/2016/05/IMG_3180-520x245.jpg]
[files/2018/06/dfgh2-520x245.jpg]
[author/mban2guest-arnes-si/index.html]
[files/2018/05/20180520_160617-1-Custom-520x245.jpg]
[files/2018/05/DSC_0046-Custom-520x245.jpg]
[files/2018/05/z_roko_v_roki-520x245.png]
[files/2018/05/IMG_20180514_181142-520x245.jpg]
[author/mbojecguest-arnes-si/index.html]
[files/2018/05/1-520x245.jpg]
[files/2018/05/judo18a-520x245.jpg]
[files/2018/05/kulturniteden-520x245.jpg]
[files/2018/02/Ican2-520x245.png]
[files/2018/01/judo1-520x245.jpg]
[author/mrados5guest-arnes-si/page/2/index.html]
[files/2018/01/psvp-1-520x245.jpg]
[files/2017/12/DSC_0918-Medium-520x245.jpg]
[files/2017/11/DSC_0849-Medium-1-520x245.jpg]
[files/2017/02/trd-9-520x245.jpg]
[files/2017/02/DSC_0550-520x245.jpg]
[author/bpongr1guest-arnes-si/page/2/index.html]
[files/2015/11/IMG_20151023_134415-520x245.jpg]
[files/2015/10/IMG_20151017_103816-520x245.jpg]
[files/2015/09/brošura3-520x245.png]
[author/dsketosams-si/page/2/index.html]
[files/2014/08/a3-520x245.gif]
[files/2018/04/Storžev-grič-1-520x245.jpg]
[files/2018/04/DSC_0015-520x245.jpg]
[files/2018/02/DSC_0013-520x245.jpg]
[files/2018/01/prešeren-520x245.jpg]
[files/2015/10/20150909_131943-520x245.jpg]
[files/2015/06/lon1-520x245.jpg]
[files/2015/05/04-055-520x245.jpg]
[files/2015/01/DSC_0304-520x245.jpg]
[files/2015/01/DSC_0089-520x245.jpg]
[files/2014/11/najmlajša-skupinsko-nasmejana-520x245.jpg]
[files/2014/09/IMG_1294-520x245.jpg]
[files/2014/09/DSC_1917-520x245.jpg]
[author/mban2guest-arnes-si/page/2/index.html]
[files/2018/04/20180421_091420-520x245.jpg]
[files/2018/04/IMG_1883-520x245.jpg]
[files/2017/11/20171029_093120-520x245.jpg]
[files/2017/10/20171014_103620-520x245.jpg]
[files/2017/10/20170929_092436-520x245.jpg]
[files/2017/05/20170524_083555-520x245.jpg]
[author/mbojecguest-arnes-si/page/2/index.html]
[files/2017/04/IMG_20170422_104638-520x245.jpg]
[files/2017/01/20170110_111151-520x245.jpg]
[files/2016/10/20161008_100404-520x245.jpg]
[files/2015/11/IMG_36191-520x245.jpg]
[files/2015/10/P1060153-520x245.jpg]
[files/2015/01/svn25-520x245.jpg]
[author/mrados5guest-arnes-si/page/6/index.html]
[files/2017/11/tradicionalni-slov.-zajtrk-Custom-520x245.jpg]
[files/2017/09/IMG_7622-520x245.jpg]
[files/2017/07/vietnam5-520x245.jpg]
[files/2017/06/20170620_093145-520x245.jpg]
[files/2017/06/DSC06965-520x245.jpg]
[files/2017/06/DSC06828-520x245.jpg]
[author/mrados5guest-arnes-si/page/7/index.html]
[files/2017/01/WSC17A-520x245.jpg]
[files/2017/04/IMG_2292-Custom-520x245.jpg]
[files/2017/04/20170413_090416-Custom-e1492247437938-520x245.jpg]
[files/2017/05/20170525_132715-520x245.jpg]
[files/2017/05/20170525_102413-520x245.jpg]
[files/2017/05/image-0-02-05-877f109efcb9de79b2315be94f32c6e1017cebb0074ab97123e2fd744aaa0cef-V-520x245.jpg]
[author/bpongr1guest-arnes-si/page/6/index.html]
[files/2017/05/20170517_094257-520x245.jpg]
[files/2017/02/DSC_0736-520x245.jpg]
[files/2017/02/02_2017-0111-520x245.jpg]
[files/2017/02/02_2017-120-Medium-520x245.jpg]
[files/2017/02/20170203_093031-520x245.jpg]
[author/bpongr1guest-arnes-si/page/7/index.html]
[files/2016/11/IMG_20161027_134936-520x245.jpg]
[files/2016/10/20161005_zApis_347a-520x245.jpg]
[files/2015/11/20151119_094750-520x245.jpg]
[files/2015/11/2015-11-11-11.13.43-520x245.jpg]
[author/bpongr1guest-arnes-si/page/9/index.html]
[files/2015/11/IMG_4484-520x245.jpg]
[files/2015/11/jure-in-anja-001a-520x245.jpg]
[files/2015/05/Zaslonska-slika-2015-05-15-142949-e1431693699133-520x245.png]
[files/2015/05/bistra2-520x245.jpg]
[files/2015/05/eko2015-520x245.jpg]
[author/bpongr1guest-arnes-si/page/19/index.html]
[files/2014/10/krim-520x245.jpg]
[files/2014/09/glinscica3-520x245.jpg]
[files/2014/08/a5-520x245.jpg]
[files/2014/08/a1-520x245.gif]
[files/2015/01/DSC_0267-800-x-536-520x245.jpg]
[files/2015/01/msc2-520x245.jpg]
[author/bpongr1guest-arnes-si/page/28/index.html]
[files/2015/01/2014-11-14-12.19.47-520x245.jpg]
[files/2014/12/vočšilo_2015a-520x245.jpg]
[files/2014/12/bazar08-520x245.jpg]
[files/2014/12/delovna_sobota3-520x245.jpg]
[files/2014/12/12_2014-018-520x245.jpg]
[files/2014/12/11_2014-008-520x245.jpg]
[files/2014/11/jesenske_igre-501-520x245.jpg]
[files/2014/11/zelenjavcki1-520x245.jpg]
[files/2014/11/DM-520x245.jpg]
[files/2016/10/IMG_20160928_125750-520x245.jpg]
[files/2016/10/IMG_20160930_1729231-Medium-520x245.jpg]
[files/2016/09/maratonAMS-520x245.jpg]
[files/2016/06/t0-520x245.jpg]
[files/2016/02/DSC7107-520x245.jpg]
[files/2016/02/DSC_0436-520x245.jpg]
[files/2016/03/VRHNOTLON-520x245.jpg]
[files/2016/03/P1080537-520x245.jpg]
[files/2015/03/dk-520x245.jpg]
[files/2016/05/IMG_3168-520x245.jpg]
[files/2016/05/eko16e-520x245.jpg]
[author/bpongr1guest-arnes-si/page/13/index.html]
[files/2016/03/499-Custom-520x245.jpg]
[author/bpongr1guest-arnes-si/page/14/index.html]
[author/bpongr1guest-arnes-si/page/16/index.html]
[author/bpongr1guest-arnes-si/page/24/index.html]
[wp-content/plugins/nextcellent-gallery-nextgen-legacy/css/owl.video.play.html]
[wp-content/themes/hueman/assets/front/fonts/titillium-light-webfont.svg]
[wp-content/themes/hueman/assets/front/fonts/titillium-lightitalic-webfont.svg]
[wp-content/themes/hueman/assets/front/fonts/titillium-regular-webfont.svg]
[wp-content/themes/hueman/assets/front/fonts/titillium-regularitalic-webfont.svg]
[wp-content/themes/hueman/assets/front/fonts/titillium-semibold-webfont.svg]
[wp-content/themes/hueman/assets/front/fonts/fontawesome-webfont3e6e.html]
[wp-content/themes/hueman/assets/front/fonts/fontawesome-webfont3e6e.svg]
[author/pzitkguest-arnes-si/index.html]
[files/2018/06/DSC_0525-520x245.jpg]
[files/2018/06/DSC_0284-520x245.jpg]
[files/2018/05/DSC_0165-520x245.jpg]
[author/pzitkguest-arnes-si/feed/index.html]
[files/2018/05/IMG-d4609f13c21402ec940cd147003ce8c1-V-520x245.jpg]
[author/pzitkguest-arnes-si/index.html]
[files/2018/05/DSC_0165-520x245.jpg]
[files/2018/06/DSC_0284-520x245.jpg]
[author/pzitkguest-arnes-si/page/2/index.html]
[author/pzitkguest-arnes-si/page/4/index.html]
[author/pzitkguest-arnes-si/page/3/index.html]
[files/2018/04/0012000000NCRiF-1-520x245.gif]
[files/2018/04/20180404_182029-520x245.jpg]
[files/2018/03/skupinska-520x245.jpg]
[files/2018/03/20180306_181656-520x245.jpg]
[files/2018/02/IMG-a6e4ffa36a0a18a2b2d8f3c29376b9dd-V-520x245.jpg]
[author/pzitkguest-arnes-si/page/2/index.html]
[files/2018/04/20180404_182029-520x245.jpg]
[files/2017/10/20161012_172003-520x245.jpg]
[files/2018/03/skupinska-520x245.jpg]
[files/2017/06/20161221_134224-520x245.jpg]
[files/2017/06/DSC_0201-520x245.jpg]
[files/2017/05/DSC_0130-520x245.jpg]
[files/2018/03/20180306_181656-520x245.jpg]
[files/2017/02/DSC_0647-520x245.jpg]
[files/2017/03/simb3-520x245.png]
[author/pzitkguest-arnes-si/page/3/index.html]
[files/2018/02/IMG-a6e4ffa36a0a18a2b2d8f3c29376b9dd-V-520x245.jpg]
[files/2016/11/20161111_095850-520x245.jpg]
[files/2017/10/20161012_172003-520x245.jpg]
[files/2016/10/IMG_5081-520x245.jpg]
[files/2016/10/DSC_0213-520x245.jpg]
[author/pzitkguest-arnes-si/page/4/index.html]
